{"/Users/matthewrichardson/Downloads/Project Management App/src/App.jsx": {"path":"/Users/matthewrichardson/Downloads/Project Management App/src/App.jsx","statementMap":{"0":{"start":{"line":9,"column":12},"end":{"line":9,"column":14}},"1":{"start":{"line":13,"column":22},"end":{"line":13,"column":30}},"2":{"start":{"line":14,"column":29},"end":{"line":14,"column":37}},"3":{"start":{"line":16,"column":36},"end":{"line":16,"column":51}},"4":{"start":{"line":17,"column":38},"end":{"line":17,"column":53}},"5":{"start":{"line":18,"column":48},"end":{"line":18,"column":63}},"6":{"start":{"line":19,"column":40},"end":{"line":19,"column":55}},"7":{"start":{"line":21,"column":34},"end":{"line":21,"column":44}},"8":{"start":{"line":22,"column":48},"end":{"line":22,"column":58}},"9":{"start":{"line":23,"column":40},"end":{"line":23,"column":50}},"10":{"start":{"line":24,"column":26},"end":{"line":24,"column":36}},"11":{"start":{"line":27,"column":4},"end":{"line":27,"column":26}},"12":{"start":{"line":28,"column":4},"end":{"line":28,"column":30}},"13":{"start":{"line":32,"column":4},"end":{"line":32,"column":57}},"14":{"start":{"line":33,"column":4},"end":{"line":33,"column":43}},"15":{"start":{"line":34,"column":4},"end":{"line":37,"column":7}},"16":{"start":{"line":39,"column":4},"end":{"line":39,"column":25}},"17":{"start":{"line":40,"column":4},"end":{"line":40,"column":24}},"18":{"start":{"line":41,"column":4},"end":{"line":41,"column":25}},"19":{"start":{"line":45,"column":4},"end":{"line":45,"column":36}},"20":{"start":{"line":47,"column":24},"end":{"line":49,"column":6}},"21":{"start":{"line":48,"column":6},"end":{"line":48,"column":33}},"22":{"start":{"line":50,"column":4},"end":{"line":50,"column":24}},"23":{"start":{"line":51,"column":4},"end":{"line":51,"column":37}},"24":{"start":{"line":52,"column":4},"end":{"line":52,"column":26}},"25":{"start":{"line":56,"column":4},"end":{"line":56,"column":35}},"26":{"start":{"line":57,"column":4},"end":{"line":59,"column":7}},"27":{"start":{"line":58,"column":6},"end":{"line":58,"column":19}},"28":{"start":{"line":60,"column":4},"end":{"line":60,"column":18}},"29":{"start":{"line":64,"column":4},"end":{"line":64,"column":41}},"30":{"start":{"line":65,"column":4},"end":{"line":65,"column":24}},"31":{"start":{"line":69,"column":4},"end":{"line":69,"column":57}},"32":{"start":{"line":71,"column":4},"end":{"line":71,"column":43}},"33":{"start":{"line":72,"column":4},"end":{"line":72,"column":57}},"34":{"start":{"line":74,"column":25},"end":{"line":82,"column":6}},"35":{"start":{"line":75,"column":6},"end":{"line":80,"column":7}},"36":{"start":{"line":76,"column":8},"end":{"line":79,"column":10}},"37":{"start":{"line":81,"column":6},"end":{"line":81,"column":15}},"38":{"start":{"line":84,"column":4},"end":{"line":84,"column":25}},"39":{"start":{"line":85,"column":4},"end":{"line":85,"column":25}},"40":{"start":{"line":88,"column":2},"end":{"line":157,"column":4}},"41":{"start":{"line":99,"column":16},"end":{"line":106,"column":21}},"42":{"start":{"line":103,"column":35},"end":{"line":103,"column":60}},"43":{"start":{"line":125,"column":33},"end":{"line":125,"column":60}},"44":{"start":{"line":131,"column":33},"end":{"line":131,"column":67}}},"fnMap":{"0":{"name":"App","decl":{"start":{"line":12,"column":24},"end":{"line":12,"column":27}},"loc":{"start":{"line":12,"column":30},"end":{"line":158,"column":1}},"line":12},"1":{"name":"handleOpenFormClick","decl":{"start":{"line":26,"column":11},"end":{"line":26,"column":30}},"loc":{"start":{"line":26,"column":33},"end":{"line":29,"column":3}},"line":26},"2":{"name":"handleFormInputClick","decl":{"start":{"line":31,"column":11},"end":{"line":31,"column":31}},"loc":{"start":{"line":31,"column":34},"end":{"line":42,"column":3}},"line":31},"3":{"name":"handleDeleteClick","decl":{"start":{"line":44,"column":11},"end":{"line":44,"column":28}},"loc":{"start":{"line":44,"column":39},"end":{"line":53,"column":3}},"line":44},"4":{"name":"(anonymous_4)","decl":{"start":{"line":47,"column":37},"end":{"line":47,"column":38}},"loc":{"start":{"line":47,"column":47},"end":{"line":49,"column":5}},"line":47},"5":{"name":"handleTaskSelection","decl":{"start":{"line":55,"column":11},"end":{"line":55,"column":30}},"loc":{"start":{"line":55,"column":37},"end":{"line":61,"column":3}},"line":55},"6":{"name":"(anonymous_6)","decl":{"start":{"line":57,"column":23},"end":{"line":57,"column":24}},"loc":{"start":{"line":57,"column":33},"end":{"line":59,"column":5}},"line":57},"7":{"name":"handleEditClick","decl":{"start":{"line":63,"column":11},"end":{"line":63,"column":26}},"loc":{"start":{"line":63,"column":29},"end":{"line":66,"column":3}},"line":63},"8":{"name":"handleEditUpdateClick","decl":{"start":{"line":68,"column":11},"end":{"line":68,"column":32}},"loc":{"start":{"line":68,"column":35},"end":{"line":86,"column":3}},"line":68},"9":{"name":"(anonymous_9)","decl":{"start":{"line":74,"column":35},"end":{"line":74,"column":36}},"loc":{"start":{"line":74,"column":42},"end":{"line":82,"column":5}},"line":74},"10":{"name":"(anonymous_10)","decl":{"start":{"line":98,"column":24},"end":{"line":98,"column":25}},"loc":{"start":{"line":99,"column":16},"end":{"line":106,"column":21}},"line":99},"11":{"name":"(anonymous_11)","decl":{"start":{"line":103,"column":29},"end":{"line":103,"column":30}},"loc":{"start":{"line":103,"column":35},"end":{"line":103,"column":60}},"line":103},"12":{"name":"(anonymous_12)","decl":{"start":{"line":125,"column":26},"end":{"line":125,"column":27}},"loc":{"start":{"line":125,"column":33},"end":{"line":125,"column":60}},"line":125},"13":{"name":"(anonymous_13)","decl":{"start":{"line":131,"column":26},"end":{"line":131,"column":27}},"loc":{"start":{"line":131,"column":33},"end":{"line":131,"column":67}},"line":131}},"branchMap":{"0":{"loc":{"start":{"line":75,"column":6},"end":{"line":80,"column":7}},"type":"if","locations":[{"start":{"line":75,"column":6},"end":{"line":80,"column":7}},{"start":{},"end":{}}],"line":75},"1":{"loc":{"start":{"line":97,"column":14},"end":{"line":107,"column":16}},"type":"binary-expr","locations":[{"start":{"line":97,"column":14},"end":{"line":97,"column":25}},{"start":{"line":98,"column":14},"end":{"line":107,"column":16}}],"line":97},"2":{"loc":{"start":{"line":110,"column":11},"end":{"line":137,"column":23}},"type":"cond-expr","locations":[{"start":{"line":111,"column":12},"end":{"line":117,"column":15}},{"start":{"line":118,"column":14},"end":{"line":137,"column":23}}],"line":110},"3":{"loc":{"start":{"line":118,"column":14},"end":{"line":137,"column":23}},"type":"cond-expr","locations":[{"start":{"line":119,"column":12},"end":{"line":136,"column":15}},{"start":{"line":137,"column":14},"end":{"line":137,"column":23}}],"line":118},"4":{"loc":{"start":{"line":140,"column":11},"end":{"line":153,"column":11}},"type":"cond-expr","locations":[{"start":{"line":141,"column":12},"end":{"line":150,"column":15}},{"start":{"line":152,"column":12},"end":{"line":152,"column":25}}],"line":140}},"s":{"0":1,"1":2,"2":2,"3":2,"4":2,"5":2,"6":2,"7":2,"8":2,"9":2,"10":2,"11":1,"12":1,"13":0,"14":0,"15":0,"16":0,"17":0,"18":0,"19":0,"20":0,"21":0,"22":0,"23":0,"24":0,"25":0,"26":0,"27":0,"28":0,"29":0,"30":0,"31":0,"32":0,"33":0,"34":0,"35":0,"36":0,"37":0,"38":0,"39":0,"40":2,"41":0,"42":0,"43":0,"44":0},"f":{"0":2,"1":1,"2":0,"3":0,"4":0,"5":0,"6":0,"7":0,"8":0,"9":0,"10":0,"11":0,"12":0,"13":0},"b":{"0":[0,0],"1":[2,0],"2":[1,1],"3":[0,1],"4":[0,2]},"_coverageSchema":"1a1c01bbd47fc00a2c39e90264f33305004495a9","hash":"af1f870348283b15b578888646d58be8f9f0704c"}
,"/Users/matthewrichardson/Downloads/Project Management App/src/Components/Atoms/Input.jsx": {"path":"/Users/matthewrichardson/Downloads/Project Management App/src/Components/Atoms/Input.jsx","statementMap":{"0":{"start":{"line":4,"column":14},"end":{"line":14,"column":1}},"1":{"start":{"line":15,"column":15},"end":{"line":19,"column":1}},"2":{"start":{"line":21,"column":20},"end":{"line":51,"column":2}},"3":{"start":{"line":25,"column":2},"end":{"line":50,"column":4}}},"fnMap":{"0":{"name":"Input","decl":{"start":{"line":21,"column":40},"end":{"line":21,"column":45}},"loc":{"start":{"line":24,"column":2},"end":{"line":51,"column":1}},"line":24}},"branchMap":{"0":{"loc":{"start":{"line":33,"column":7},"end":{"line":48,"column":7}},"type":"cond-expr","locations":[{"start":{"line":34,"column":8},"end":{"line":40,"column":10}},{"start":{"line":42,"column":8},"end":{"line":47,"column":10}}],"line":33}},"s":{"0":2,"1":2,"2":2,"3":3},"f":{"0":3},"b":{"0":[0,3]},"_coverageSchema":"1a1c01bbd47fc00a2c39e90264f33305004495a9","hash":"ba9758f2cdd7a92430b575482987dab00cec5ec3"}
,"/Users/matthewrichardson/Downloads/Project Management App/src/Components/Atoms/TextArea.jsx": {"path":"/Users/matthewrichardson/Downloads/Project Management App/src/Components/Atoms/TextArea.jsx","statementMap":{"0":{"start":{"line":4,"column":14},"end":{"line":9,"column":1}},"1":{"start":{"line":10,"column":18},"end":{"line":15,"column":1}},"2":{"start":{"line":16,"column":17},"end":{"line":41,"column":2}},"3":{"start":{"line":20,"column":2},"end":{"line":40,"column":4}}},"fnMap":{"0":{"name":"DefaultTextArea","decl":{"start":{"line":16,"column":37},"end":{"line":16,"column":52}},"loc":{"start":{"line":19,"column":2},"end":{"line":41,"column":1}},"line":19}},"branchMap":{"0":{"loc":{"start":{"line":23,"column":7},"end":{"line":38,"column":7}},"type":"cond-expr","locations":[{"start":{"line":24,"column":8},"end":{"line":30,"column":10}},{"start":{"line":32,"column":8},"end":{"line":37,"column":10}}],"line":23}},"s":{"0":2,"1":2,"2":2,"3":3},"f":{"0":3},"b":{"0":[0,3]},"_coverageSchema":"1a1c01bbd47fc00a2c39e90264f33305004495a9","hash":"c4681e18d45167abcb96c9ed18d8230cc2b5f4c9"}
,"/Users/matthewrichardson/Downloads/Project Management App/src/Components/Molecules/Dashboard.jsx": {"path":"/Users/matthewrichardson/Downloads/Project Management App/src/Components/Molecules/Dashboard.jsx","statementMap":{"0":{"start":{"line":4,"column":12},"end":{"line":9,"column":1}},"1":{"start":{"line":10,"column":11},"end":{"line":14,"column":1}},"2":{"start":{"line":15,"column":18},"end":{"line":19,"column":1}},"3":{"start":{"line":22,"column":2},"end":{"line":38,"column":4}}},"fnMap":{"0":{"name":"Dashboard","decl":{"start":{"line":21,"column":24},"end":{"line":21,"column":33}},"loc":{"start":{"line":21,"column":59},"end":{"line":39,"column":1}},"line":21}},"branchMap":{"0":{"loc":{"start":{"line":25,"column":7},"end":{"line":36,"column":7}},"type":"cond-expr","locations":[{"start":{"line":26,"column":8},"end":{"line":28,"column":13}},{"start":{"line":30,"column":8},"end":{"line":35,"column":11}}],"line":25}},"s":{"0":2,"1":2,"2":2,"3":4},"f":{"0":4},"b":{"0":[1,3]},"_coverageSchema":"1a1c01bbd47fc00a2c39e90264f33305004495a9","hash":"9af9415e7b9a1a098a42fbe0c02fc3420bea8625"}
,"/Users/matthewrichardson/Downloads/Project Management App/src/Components/Organisms/InputForm.jsx": {"path":"/Users/matthewrichardson/Downloads/Project Management App/src/Components/Organisms/InputForm.jsx","statementMap":{"0":{"start":{"line":5,"column":2},"end":{"line":32,"column":16}},"1":{"start":{"line":20,"column":25},"end":{"line":20,"column":52}},"2":{"start":{"line":26,"column":25},"end":{"line":26,"column":59}}},"fnMap":{"0":{"name":"InputForm","decl":{"start":{"line":4,"column":24},"end":{"line":4,"column":33}},"loc":{"start":{"line":4,"column":36},"end":{"line":33,"column":1}},"line":4},"1":{"name":"(anonymous_1)","decl":{"start":{"line":20,"column":18},"end":{"line":20,"column":19}},"loc":{"start":{"line":20,"column":25},"end":{"line":20,"column":52}},"line":20},"2":{"name":"(anonymous_2)","decl":{"start":{"line":26,"column":18},"end":{"line":26,"column":19}},"loc":{"start":{"line":26,"column":25},"end":{"line":26,"column":59}},"line":26}},"branchMap":{"0":{"loc":{"start":{"line":5,"column":9},"end":{"line":32,"column":15}},"type":"cond-expr","locations":[{"start":{"line":6,"column":4},"end":{"line":12,"column":7}},{"start":{"line":13,"column":6},"end":{"line":32,"column":15}}],"line":5},"1":{"loc":{"start":{"line":13,"column":6},"end":{"line":32,"column":15}},"type":"cond-expr","locations":[{"start":{"line":14,"column":4},"end":{"line":31,"column":7}},{"start":{"line":32,"column":6},"end":{"line":32,"column":15}}],"line":13}},"s":{"0":0,"1":0,"2":0},"f":{"0":0,"1":0,"2":0},"b":{"0":[0,0],"1":[0,0]}}
}
