TN:
SF:src/App.jsx
FN:12,App
FN:26,handleOpenFormClick
FN:31,handleFormInputClick
FN:44,handleDeleteClick
FN:47,(anonymous_4)
FN:55,handleTaskSelection
FN:57,(anonymous_6)
FN:63,handleEditClick
FN:68,handleEditUpdateClick
FN:74,(anonymous_9)
FN:98,(anonymous_10)
FN:103,(anonymous_11)
FN:125,(anonymous_12)
FN:131,(anonymous_13)
FNF:14
FNH:2
FNDA:2,App
FNDA:1,handleOpenFormClick
FNDA:0,handleFormInputClick
FNDA:0,handleDeleteClick
FNDA:0,(anonymous_4)
FNDA:0,handleTaskSelection
FNDA:0,(anonymous_6)
FNDA:0,handleEditClick
FNDA:0,handleEditUpdateClick
FNDA:0,(anonymous_9)
FNDA:0,(anonymous_10)
FNDA:0,(anonymous_11)
FNDA:0,(anonymous_12)
FNDA:0,(anonymous_13)
DA:9,1
DA:13,2
DA:14,2
DA:16,2
DA:17,2
DA:18,2
DA:19,2
DA:21,2
DA:22,2
DA:23,2
DA:24,2
DA:27,1
DA:28,1
DA:32,0
DA:33,0
DA:34,0
DA:39,0
DA:40,0
DA:41,0
DA:45,0
DA:47,0
DA:48,0
DA:50,0
DA:51,0
DA:52,0
DA:56,0
DA:57,0
DA:58,0
DA:60,0
DA:64,0
DA:65,0
DA:69,0
DA:71,0
DA:72,0
DA:74,0
DA:75,0
DA:76,0
DA:81,0
DA:84,0
DA:85,0
DA:88,2
DA:99,0
DA:103,0
DA:125,0
DA:131,0
LF:45
LH:14
BRDA:75,0,0,0
BRDA:75,0,1,0
BRDA:97,1,0,2
BRDA:97,1,1,0
BRDA:110,2,0,1
BRDA:110,2,1,1
BRDA:118,3,0,0
BRDA:118,3,1,1
BRDA:140,4,0,0
BRDA:140,4,1,2
BRF:10
BRH:5
end_of_record
TN:
SF:src/Components/Atoms/Input.jsx
FN:21,Input
FNF:1
FNH:1
FNDA:3,Input
DA:4,2
DA:15,2
DA:21,2
DA:25,3
LF:4
LH:4
BRDA:33,0,0,0
BRDA:33,0,1,3
BRF:2
BRH:1
end_of_record
TN:
SF:src/Components/Atoms/TextArea.jsx
FN:16,DefaultTextArea
FNF:1
FNH:1
FNDA:3,DefaultTextArea
DA:4,2
DA:10,2
DA:16,2
DA:20,3
LF:4
LH:4
BRDA:23,0,0,0
BRDA:23,0,1,3
BRF:2
BRH:1
end_of_record
TN:
SF:src/Components/Molecules/Dashboard.jsx
FN:21,Dashboard
FNF:1
FNH:1
FNDA:4,Dashboard
DA:4,2
DA:10,2
DA:15,2
DA:22,4
LF:4
LH:4
BRDA:25,0,0,1
BRDA:25,0,1,3
BRF:2
BRH:2
end_of_record
TN:
SF:src/Components/Organisms/InputForm.jsx
FN:4,InputForm
FN:20,(anonymous_1)
FN:26,(anonymous_2)
FNF:3
FNH:0
FNDA:0,InputForm
FNDA:0,(anonymous_1)
FNDA:0,(anonymous_2)
DA:5,0
DA:20,0
DA:26,0
LF:3
LH:0
BRDA:5,0,0,0
BRDA:5,0,1,0
BRDA:13,1,0,0
BRDA:13,1,1,0
BRF:4
BRH:0
end_of_record
